[DEBUG] [2022-01-01 01:57:43,391:Client-autosklearn.util.backend] _make_internals_directory: [Errno 17] File exists: './tmp/autosklearn_regression_example_tmp/.auto-sklearn'
[DEBUG] [2022-01-01 01:57:43,399:Client-autosklearn.util.backend] _make_internals_directory: [Errno 17] File exists: './tmp/autosklearn_regression_example_tmp/.auto-sklearn/runs'
[DEBUG] [2022-01-01 02:28:52,854:Client-autosklearn.util.backend] _make_internals_directory: [Errno 17] File exists: './tmp/autosklearn_regression_example_tmp2/.auto-sklearn'
[DEBUG] [2022-01-01 02:28:52,855:Client-autosklearn.util.backend] _make_internals_directory: [Errno 17] File exists: './tmp/autosklearn_regression_example_tmp2/.auto-sklearn/runs'
[DEBUG] [2022-01-01 02:28:52,900:Client-AutoML(1):join] Starting to print environment information
[DEBUG] [2022-01-01 02:28:52,900:Client-AutoML(1):join]   Python version: ['3.7.10 | packaged by conda-forge | (default, Feb 19 2021, 16:07:37) ', '[GCC 9.3.0]']
[DEBUG] [2022-01-01 02:28:52,903:Client-AutoML(1):join]   Distribution: ('debian', '10.11', '')
[DEBUG] [2022-01-01 02:28:52,903:Client-AutoML(1):join]   System: Linux
[DEBUG] [2022-01-01 02:28:52,903:Client-AutoML(1):join]   Machine: x86_64
[DEBUG] [2022-01-01 02:28:52,903:Client-AutoML(1):join]   Platform: Linux-4.19.0-18-cloud-amd64-x86_64-with-debian-10.11
[DEBUG] [2022-01-01 02:28:52,904:Client-AutoML(1):join]   Version: #1 SMP Debian 4.19.208-1 (2021-09-29)
[DEBUG] [2022-01-01 02:28:52,904:Client-AutoML(1):join]   Mac version: ('', ('', '', ''), '')
[DEBUG] [2022-01-01 02:28:52,916:Client-AutoML(1):join]   setuptools 57.4.0
[DEBUG] [2022-01-01 02:28:52,920:Client-AutoML(1):join]   typing-extensions 3.7.4.3
[DEBUG] [2022-01-01 02:28:52,921:Client-AutoML(1):join]   numpy 1.19.5
[DEBUG] [2022-01-01 02:28:52,922:Client-AutoML(1):join]   scipy 1.7.1
[DEBUG] [2022-01-01 02:28:52,923:Client-AutoML(1):join]   joblib 1.0.1
[DEBUG] [2022-01-01 02:28:52,924:Client-AutoML(1):join]   scikit-learn 0.24.2
[DEBUG] [2022-01-01 02:28:52,925:Client-AutoML(1):join]   dask 2021.6.2
[DEBUG] [2022-01-01 02:28:52,936:Client-AutoML(1):join]   distributed 2021.6.2
[DEBUG] [2022-01-01 02:28:52,937:Client-AutoML(1):join]   PyYAML 5.4.1
[DEBUG] [2022-01-01 02:28:52,937:Client-AutoML(1):join]   pandas 1.3.2
[DEBUG] [2022-01-01 02:28:52,938:Client-AutoML(1):join]   liac-arff 2.5.0
[DEBUG] [2022-01-01 02:28:52,938:Client-AutoML(1):join]   threadpoolctl 2.2.0
[DEBUG] [2022-01-01 02:28:52,939:Client-AutoML(1):join]   ConfigSpace 0.4.20
[DEBUG] [2022-01-01 02:28:52,940:Client-AutoML(1):join]   pynisher 0.6.4
[DEBUG] [2022-01-01 02:28:52,940:Client-AutoML(1):join]   pyrfr 0.8.2
[DEBUG] [2022-01-01 02:28:52,941:Client-AutoML(1):join]   smac 1.1.1
[DEBUG] [2022-01-01 02:28:52,941:Client-AutoML(1):join] Done printing environment information
[DEBUG] [2022-01-01 02:28:52,941:Client-AutoML(1):join] Starting to print arguments to auto-sklearn
[DEBUG] [2022-01-01 02:28:52,941:Client-AutoML(1):join]   tmp_folder: ./tmp/autosklearn_regression_example_tmp2
[DEBUG] [2022-01-01 02:28:52,941:Client-AutoML(1):join]   time_left_for_this_task: 60.000000
[DEBUG] [2022-01-01 02:28:52,941:Client-AutoML(1):join]   per_run_time_limit: 30.000000
[DEBUG] [2022-01-01 02:28:52,941:Client-AutoML(1):join]   initial_configurations_via_metalearning: 25
[DEBUG] [2022-01-01 02:28:52,941:Client-AutoML(1):join]   ensemble_size: 50
[DEBUG] [2022-01-01 02:28:52,941:Client-AutoML(1):join]   ensemble_nbest: 50.000000
[DEBUG] [2022-01-01 02:28:52,941:Client-AutoML(1):join]   max_models_on_disc: 50
[DEBUG] [2022-01-01 02:28:52,941:Client-AutoML(1):join]   seed: 1
[DEBUG] [2022-01-01 02:28:52,941:Client-AutoML(1):join]   memory_limit: 3072
[DEBUG] [2022-01-01 02:28:52,941:Client-AutoML(1):join]   metadata_directory: None
[DEBUG] [2022-01-01 02:28:52,941:Client-AutoML(1):join]   debug_mode: False
[DEBUG] [2022-01-01 02:28:52,941:Client-AutoML(1):join]   include: None
[DEBUG] [2022-01-01 02:28:52,941:Client-AutoML(1):join]   exclude: None
[DEBUG] [2022-01-01 02:28:52,941:Client-AutoML(1):join]   resampling_strategy: holdout
[DEBUG] [2022-01-01 02:28:52,941:Client-AutoML(1):join]   resampling_strategy_arguments: {}
[DEBUG] [2022-01-01 02:28:52,942:Client-AutoML(1):join]   n_jobs: 1
[DEBUG] [2022-01-01 02:28:52,942:Client-AutoML(1):join]   multiprocessing_context: fork
[DEBUG] [2022-01-01 02:28:52,942:Client-AutoML(1):join]   dask_client: SingleThreadedClient()
[DEBUG] [2022-01-01 02:28:52,942:Client-AutoML(1):join]   precision: 32
[DEBUG] [2022-01-01 02:28:52,942:Client-AutoML(1):join]   disable_evaluator_output: False
[DEBUG] [2022-01-01 02:28:52,942:Client-AutoML(1):join]   get_smac_objective_callback: None
[DEBUG] [2022-01-01 02:28:52,942:Client-AutoML(1):join]   smac_scenario_args: None
[DEBUG] [2022-01-01 02:28:52,942:Client-AutoML(1):join]   logging_config: None
[DEBUG] [2022-01-01 02:28:52,942:Client-AutoML(1):join]   metric: r2
[DEBUG] [2022-01-01 02:28:52,942:Client-AutoML(1):join] Done printing arguments to auto-sklearn
[DEBUG] [2022-01-01 02:28:52,942:Client-AutoML(1):join] Starting to print available components
[DEBUG] [2022-01-01 02:28:52,943:Client-AutoML(1):join] ClassifierChoice: OrderedDict([('adaboost', <class 'autosklearn.pipeline.components.classification.adaboost.AdaboostClassifier'>), ('bernoulli_nb', <class 'autosklearn.pipeline.components.classification.bernoulli_nb.BernoulliNB'>), ('decision_tree', <class 'autosklearn.pipeline.components.classification.decision_tree.DecisionTree'>), ('extra_trees', <class 'autosklearn.pipeline.components.classification.extra_trees.ExtraTreesClassifier'>), ('gaussian_nb', <class 'autosklearn.pipeline.components.classification.gaussian_nb.GaussianNB'>), ('gradient_boosting', <class 'autosklearn.pipeline.components.classification.gradient_boosting.GradientBoostingClassifier'>), ('k_nearest_neighbors', <class 'autosklearn.pipeline.components.classification.k_nearest_neighbors.KNearestNeighborsClassifier'>), ('lda', <class 'autosklearn.pipeline.components.classification.lda.LDA'>), ('liblinear_svc', <class 'autosklearn.pipeline.components.classification.liblinear_svc.LibLinear_SVC'>), ('libsvm_svc', <class 'autosklearn.pipeline.components.classification.libsvm_svc.LibSVM_SVC'>), ('mlp', <class 'autosklearn.pipeline.components.classification.mlp.MLPClassifier'>), ('multinomial_nb', <class 'autosklearn.pipeline.components.classification.multinomial_nb.MultinomialNB'>), ('passive_aggressive', <class 'autosklearn.pipeline.components.classification.passive_aggressive.PassiveAggressive'>), ('qda', <class 'autosklearn.pipeline.components.classification.qda.QDA'>), ('random_forest', <class 'autosklearn.pipeline.components.classification.random_forest.RandomForest'>), ('sgd', <class 'autosklearn.pipeline.components.classification.sgd.SGD'>)])
[DEBUG] [2022-01-01 02:28:52,944:Client-AutoML(1):join] RegressorChoice: OrderedDict([('adaboost', <class 'autosklearn.pipeline.components.regression.adaboost.AdaboostRegressor'>), ('ard_regression', <class 'autosklearn.pipeline.components.regression.ard_regression.ARDRegression'>), ('decision_tree', <class 'autosklearn.pipeline.components.regression.decision_tree.DecisionTree'>), ('extra_trees', <class 'autosklearn.pipeline.components.regression.extra_trees.ExtraTreesRegressor'>), ('gaussian_process', <class 'autosklearn.pipeline.components.regression.gaussian_process.GaussianProcess'>), ('gradient_boosting', <class 'autosklearn.pipeline.components.regression.gradient_boosting.GradientBoosting'>), ('k_nearest_neighbors', <class 'autosklearn.pipeline.components.regression.k_nearest_neighbors.KNearestNeighborsRegressor'>), ('liblinear_svr', <class 'autosklearn.pipeline.components.regression.liblinear_svr.LibLinear_SVR'>), ('libsvm_svr', <class 'autosklearn.pipeline.components.regression.libsvm_svr.LibSVM_SVR'>), ('mlp', <class 'autosklearn.pipeline.components.regression.mlp.MLPRegressor'>), ('random_forest', <class 'autosklearn.pipeline.components.regression.random_forest.RandomForest'>), ('sgd', <class 'autosklearn.pipeline.components.regression.sgd.SGD'>)])
[DEBUG] [2022-01-01 02:28:52,945:Client-AutoML(1):join] FeaturePreprocessorChoice: OrderedDict([('densifier', <class 'autosklearn.pipeline.components.feature_preprocessing.densifier.Densifier'>), ('extra_trees_preproc_for_classification', <class 'autosklearn.pipeline.components.feature_preprocessing.extra_trees_preproc_for_classification.ExtraTreesPreprocessorClassification'>), ('extra_trees_preproc_for_regression', <class 'autosklearn.pipeline.components.feature_preprocessing.extra_trees_preproc_for_regression.ExtraTreesPreprocessorRegression'>), ('fast_ica', <class 'autosklearn.pipeline.components.feature_preprocessing.fast_ica.FastICA'>), ('feature_agglomeration', <class 'autosklearn.pipeline.components.feature_preprocessing.feature_agglomeration.FeatureAgglomeration'>), ('kernel_pca', <class 'autosklearn.pipeline.components.feature_preprocessing.kernel_pca.KernelPCA'>), ('kitchen_sinks', <class 'autosklearn.pipeline.components.feature_preprocessing.kitchen_sinks.RandomKitchenSinks'>), ('liblinear_svc_preprocessor', <class 'autosklearn.pipeline.components.feature_preprocessing.liblinear_svc_preprocessor.LibLinear_Preprocessor'>), ('no_preprocessing', <class 'autosklearn.pipeline.components.feature_preprocessing.no_preprocessing.NoPreprocessing'>), ('nystroem_sampler', <class 'autosklearn.pipeline.components.feature_preprocessing.nystroem_sampler.Nystroem'>), ('pca', <class 'autosklearn.pipeline.components.feature_preprocessing.pca.PCA'>), ('polynomial', <class 'autosklearn.pipeline.components.feature_preprocessing.polynomial.PolynomialFeatures'>), ('random_trees_embedding', <class 'autosklearn.pipeline.components.feature_preprocessing.random_trees_embedding.RandomTreesEmbedding'>), ('select_percentile_classification', <class 'autosklearn.pipeline.components.feature_preprocessing.select_percentile_classification.SelectPercentileClassification'>), ('select_percentile_regression', <class 'autosklearn.pipeline.components.feature_preprocessing.select_percentile_regression.SelectPercentileRegression'>), ('select_rates_classification', <class 'autosklearn.pipeline.components.feature_preprocessing.select_rates_classification.SelectClassificationRates'>), ('select_rates_regression', <class 'autosklearn.pipeline.components.feature_preprocessing.select_rates_regression.SelectRegressionRates'>), ('truncatedSVD', <class 'autosklearn.pipeline.components.feature_preprocessing.truncatedSVD.TruncatedSVD'>)])
[DEBUG] [2022-01-01 02:28:52,945:Client-AutoML(1):join] OHEChoice: OrderedDict([('encoding', <class 'autosklearn.pipeline.components.data_preprocessing.categorical_encoding.encoding.OrdinalEncoding'>), ('no_encoding', <class 'autosklearn.pipeline.components.data_preprocessing.categorical_encoding.no_encoding.NoEncoding'>), ('one_hot_encoding', <class 'autosklearn.pipeline.components.data_preprocessing.categorical_encoding.one_hot_encoding.OneHotEncoder'>)])
[DEBUG] [2022-01-01 02:28:52,946:Client-AutoML(1):join] RescalingChoice: OrderedDict([('minmax', <class 'autosklearn.pipeline.components.data_preprocessing.rescaling.minmax.MinMaxScalerComponent'>), ('none', <class 'autosklearn.pipeline.components.data_preprocessing.rescaling.none.NoRescalingComponent'>), ('normalize', <class 'autosklearn.pipeline.components.data_preprocessing.rescaling.normalize.NormalizerComponent'>), ('power_transformer', <class 'autosklearn.pipeline.components.data_preprocessing.rescaling.power_transformer.PowerTransformerComponent'>), ('quantile_transformer', <class 'autosklearn.pipeline.components.data_preprocessing.rescaling.quantile_transformer.QuantileTransformerComponent'>), ('robust_scaler', <class 'autosklearn.pipeline.components.data_preprocessing.rescaling.robust_scaler.RobustScalerComponent'>), ('standardize', <class 'autosklearn.pipeline.components.data_preprocessing.rescaling.standardize.StandardScalerComponent'>)])
[DEBUG] [2022-01-01 02:28:52,946:Client-AutoML(1):join] CoalescenseChoice: OrderedDict([('minority_coalescer', <class 'autosklearn.pipeline.components.data_preprocessing.minority_coalescense.minority_coalescer.MinorityCoalescer'>), ('no_coalescense', <class 'autosklearn.pipeline.components.data_preprocessing.minority_coalescense.no_coalescense.NoCoalescence'>)])
[DEBUG] [2022-01-01 02:28:52,946:Client-AutoML(1):join] Done printing available components
[DEBUG] [2022-01-01 02:28:52,959:Client-autosklearn.util.backend] _make_internals_directory: [Errno 17] File exists: './tmp/autosklearn_regression_example_tmp2/.auto-sklearn'
[DEBUG] [2022-01-01 02:28:52,960:Client-autosklearn.util.backend] _make_internals_directory: [Errno 17] File exists: './tmp/autosklearn_regression_example_tmp2/.auto-sklearn/runs'
[DEBUG] [2022-01-01 02:28:52,960:Client-autosklearn.util.backend] _make_internals_directory: [Errno 17] File exists: './tmp/autosklearn_regression_example_tmp2/.auto-sklearn'
[DEBUG] [2022-01-01 02:28:52,960:Client-autosklearn.util.backend] _make_internals_directory: [Errno 17] File exists: './tmp/autosklearn_regression_example_tmp2/.auto-sklearn/runs'
[DEBUG] [2022-01-01 02:28:53,308:Client-autosklearn.util.backend] Created Configuration space file ./tmp/autosklearn_regression_example_tmp2/space.json
[INFO] [2022-01-01 02:28:53,309:Client-AutoML(1):join] Starting to create dummy predictions.
[DEBUG] [2022-01-01 02:28:53,788:Client-autosklearn.util.backend] _make_internals_directory: [Errno 17] File exists: './tmp/autosklearn_regression_example_tmp2/.auto-sklearn'
[DEBUG] [2022-01-01 02:28:53,788:Client-autosklearn.util.backend] _make_internals_directory: [Errno 17] File exists: './tmp/autosklearn_regression_example_tmp2/.auto-sklearn/runs'
[INFO] [2022-01-01 02:28:53,838:Client-AutoML(1):join] Finished creating dummy predictions.
[INFO] [2022-01-01 02:28:53,839:Client-AutoML(1):join] Start Ensemble with 59.06sec time left
[INFO] [2022-01-01 02:28:53,840:Client-AutoML(1):join] Start SMAC with 59.06sec time left
[WARNING] [2022-01-01 02:28:53,840:Client-AutoML(1):join] Capping the per_run_time_limit to 29.0 to have time for a least 2 models in each process.
[INFO] [2022-01-01 02:29:41,485:Client-AutoML(1):join] Starting shutdown...
[INFO] [2022-01-01 02:29:41,485:Client-AutoML(1):join] Ensemble script still running, waiting for it to finish.
[INFO] [2022-01-01 02:29:41,485:Client-AutoML(1):join] Ensemble script finished, continue shutdown.
[INFO] [2022-01-01 02:29:41,489:Client-AutoML(1):join] Loading models...
[INFO] [2022-01-01 02:29:41,490:Client-AutoML(1):join] Finished loading models...
[INFO] [2022-01-01 02:29:41,490:Client-AutoML(1):join] Closing the dask infrastructure
[INFO] [2022-01-01 02:29:41,490:Client-AutoML(1):join] Finished closing the dask infrastructure
[INFO] [2022-01-01 02:29:41,490:Client-AutoML(1):join] Starting to clean up the logger
[DEBUG] [2022-01-01 02:32:06,210:Client-autosklearn.util.backend] _make_internals_directory: [Errno 17] File exists: './tmp/autosklearn_regression_example_tmp2/.auto-sklearn'
[DEBUG] [2022-01-01 02:32:06,213:Client-autosklearn.util.backend] _make_internals_directory: [Errno 17] File exists: './tmp/autosklearn_regression_example_tmp2/.auto-sklearn/runs'
[DEBUG] [2022-01-01 02:32:06,252:Client-AutoML(1):join] Starting to print environment information
[DEBUG] [2022-01-01 02:32:06,253:Client-AutoML(1):join]   Python version: ['3.7.10 | packaged by conda-forge | (default, Feb 19 2021, 16:07:37) ', '[GCC 9.3.0]']
[DEBUG] [2022-01-01 02:32:06,258:Client-AutoML(1):join]   Distribution: ('debian', '10.11', '')
[DEBUG] [2022-01-01 02:32:06,258:Client-AutoML(1):join]   System: Linux
[DEBUG] [2022-01-01 02:32:06,259:Client-AutoML(1):join]   Machine: x86_64
[DEBUG] [2022-01-01 02:32:06,259:Client-AutoML(1):join]   Platform: Linux-4.19.0-18-cloud-amd64-x86_64-with-debian-10.11
[DEBUG] [2022-01-01 02:32:06,259:Client-AutoML(1):join]   Version: #1 SMP Debian 4.19.208-1 (2021-09-29)
[DEBUG] [2022-01-01 02:32:06,259:Client-AutoML(1):join]   Mac version: ('', ('', '', ''), '')
[DEBUG] [2022-01-01 02:32:06,266:Client-AutoML(1):join]   setuptools 57.4.0
[DEBUG] [2022-01-01 02:32:06,268:Client-AutoML(1):join]   typing-extensions 3.7.4.3
[DEBUG] [2022-01-01 02:32:06,269:Client-AutoML(1):join]   numpy 1.19.5
[DEBUG] [2022-01-01 02:32:06,269:Client-AutoML(1):join]   scipy 1.7.1
[DEBUG] [2022-01-01 02:32:06,270:Client-AutoML(1):join]   joblib 1.0.1
[DEBUG] [2022-01-01 02:32:06,270:Client-AutoML(1):join]   scikit-learn 0.24.2
[DEBUG] [2022-01-01 02:32:06,271:Client-AutoML(1):join]   dask 2021.6.2
[DEBUG] [2022-01-01 02:32:06,271:Client-AutoML(1):join]   distributed 2021.6.2
[DEBUG] [2022-01-01 02:32:06,272:Client-AutoML(1):join]   PyYAML 5.4.1
[DEBUG] [2022-01-01 02:32:06,272:Client-AutoML(1):join]   pandas 1.3.2
[DEBUG] [2022-01-01 02:32:06,273:Client-AutoML(1):join]   liac-arff 2.5.0
[DEBUG] [2022-01-01 02:32:06,274:Client-AutoML(1):join]   threadpoolctl 2.2.0
[DEBUG] [2022-01-01 02:32:06,274:Client-AutoML(1):join]   ConfigSpace 0.4.20
[DEBUG] [2022-01-01 02:32:06,274:Client-AutoML(1):join]   pynisher 0.6.4
[DEBUG] [2022-01-01 02:32:06,275:Client-AutoML(1):join]   pyrfr 0.8.2
[DEBUG] [2022-01-01 02:32:06,275:Client-AutoML(1):join]   smac 1.1.1
[DEBUG] [2022-01-01 02:32:06,275:Client-AutoML(1):join] Done printing environment information
[DEBUG] [2022-01-01 02:32:06,275:Client-AutoML(1):join] Starting to print arguments to auto-sklearn
[DEBUG] [2022-01-01 02:32:06,275:Client-AutoML(1):join]   tmp_folder: ./tmp/autosklearn_regression_example_tmp2
[DEBUG] [2022-01-01 02:32:06,275:Client-AutoML(1):join]   time_left_for_this_task: 60.000000
[DEBUG] [2022-01-01 02:32:06,275:Client-AutoML(1):join]   per_run_time_limit: 30.000000
[DEBUG] [2022-01-01 02:32:06,275:Client-AutoML(1):join]   initial_configurations_via_metalearning: 25
[DEBUG] [2022-01-01 02:32:06,275:Client-AutoML(1):join]   ensemble_size: 50
[DEBUG] [2022-01-01 02:32:06,275:Client-AutoML(1):join]   ensemble_nbest: 50.000000
[DEBUG] [2022-01-01 02:32:06,275:Client-AutoML(1):join]   max_models_on_disc: 50
[DEBUG] [2022-01-01 02:32:06,276:Client-AutoML(1):join]   seed: 1
[DEBUG] [2022-01-01 02:32:06,277:Client-AutoML(1):join]   memory_limit: 3072
[DEBUG] [2022-01-01 02:32:06,277:Client-AutoML(1):join]   metadata_directory: None
[DEBUG] [2022-01-01 02:32:06,277:Client-AutoML(1):join]   debug_mode: False
[DEBUG] [2022-01-01 02:32:06,277:Client-AutoML(1):join]   include: None
[DEBUG] [2022-01-01 02:32:06,277:Client-AutoML(1):join]   exclude: None
[DEBUG] [2022-01-01 02:32:06,277:Client-AutoML(1):join]   resampling_strategy: holdout
[DEBUG] [2022-01-01 02:32:06,277:Client-AutoML(1):join]   resampling_strategy_arguments: {}
[DEBUG] [2022-01-01 02:32:06,277:Client-AutoML(1):join]   n_jobs: 1
[DEBUG] [2022-01-01 02:32:06,277:Client-AutoML(1):join]   multiprocessing_context: fork
[DEBUG] [2022-01-01 02:32:06,277:Client-AutoML(1):join]   dask_client: SingleThreadedClient()
[DEBUG] [2022-01-01 02:32:06,278:Client-AutoML(1):join]   precision: 32
[DEBUG] [2022-01-01 02:32:06,278:Client-AutoML(1):join]   disable_evaluator_output: False
[DEBUG] [2022-01-01 02:32:06,278:Client-AutoML(1):join]   get_smac_objective_callback: None
[DEBUG] [2022-01-01 02:32:06,278:Client-AutoML(1):join]   smac_scenario_args: None
[DEBUG] [2022-01-01 02:32:06,278:Client-AutoML(1):join]   logging_config: None
[DEBUG] [2022-01-01 02:32:06,278:Client-AutoML(1):join]   metric: r2
[DEBUG] [2022-01-01 02:32:06,278:Client-AutoML(1):join] Done printing arguments to auto-sklearn
[DEBUG] [2022-01-01 02:32:06,278:Client-AutoML(1):join] Starting to print available components
[DEBUG] [2022-01-01 02:32:06,280:Client-AutoML(1):join] ClassifierChoice: OrderedDict([('adaboost', <class 'autosklearn.pipeline.components.classification.adaboost.AdaboostClassifier'>), ('bernoulli_nb', <class 'autosklearn.pipeline.components.classification.bernoulli_nb.BernoulliNB'>), ('decision_tree', <class 'autosklearn.pipeline.components.classification.decision_tree.DecisionTree'>), ('extra_trees', <class 'autosklearn.pipeline.components.classification.extra_trees.ExtraTreesClassifier'>), ('gaussian_nb', <class 'autosklearn.pipeline.components.classification.gaussian_nb.GaussianNB'>), ('gradient_boosting', <class 'autosklearn.pipeline.components.classification.gradient_boosting.GradientBoostingClassifier'>), ('k_nearest_neighbors', <class 'autosklearn.pipeline.components.classification.k_nearest_neighbors.KNearestNeighborsClassifier'>), ('lda', <class 'autosklearn.pipeline.components.classification.lda.LDA'>), ('liblinear_svc', <class 'autosklearn.pipeline.components.classification.liblinear_svc.LibLinear_SVC'>), ('libsvm_svc', <class 'autosklearn.pipeline.components.classification.libsvm_svc.LibSVM_SVC'>), ('mlp', <class 'autosklearn.pipeline.components.classification.mlp.MLPClassifier'>), ('multinomial_nb', <class 'autosklearn.pipeline.components.classification.multinomial_nb.MultinomialNB'>), ('passive_aggressive', <class 'autosklearn.pipeline.components.classification.passive_aggressive.PassiveAggressive'>), ('qda', <class 'autosklearn.pipeline.components.classification.qda.QDA'>), ('random_forest', <class 'autosklearn.pipeline.components.classification.random_forest.RandomForest'>), ('sgd', <class 'autosklearn.pipeline.components.classification.sgd.SGD'>)])
[DEBUG] [2022-01-01 02:32:06,281:Client-AutoML(1):join] RegressorChoice: OrderedDict([('adaboost', <class 'autosklearn.pipeline.components.regression.adaboost.AdaboostRegressor'>), ('ard_regression', <class 'autosklearn.pipeline.components.regression.ard_regression.ARDRegression'>), ('decision_tree', <class 'autosklearn.pipeline.components.regression.decision_tree.DecisionTree'>), ('extra_trees', <class 'autosklearn.pipeline.components.regression.extra_trees.ExtraTreesRegressor'>), ('gaussian_process', <class 'autosklearn.pipeline.components.regression.gaussian_process.GaussianProcess'>), ('gradient_boosting', <class 'autosklearn.pipeline.components.regression.gradient_boosting.GradientBoosting'>), ('k_nearest_neighbors', <class 'autosklearn.pipeline.components.regression.k_nearest_neighbors.KNearestNeighborsRegressor'>), ('liblinear_svr', <class 'autosklearn.pipeline.components.regression.liblinear_svr.LibLinear_SVR'>), ('libsvm_svr', <class 'autosklearn.pipeline.components.regression.libsvm_svr.LibSVM_SVR'>), ('mlp', <class 'autosklearn.pipeline.components.regression.mlp.MLPRegressor'>), ('random_forest', <class 'autosklearn.pipeline.components.regression.random_forest.RandomForest'>), ('sgd', <class 'autosklearn.pipeline.components.regression.sgd.SGD'>)])
[DEBUG] [2022-01-01 02:32:06,282:Client-AutoML(1):join] FeaturePreprocessorChoice: OrderedDict([('densifier', <class 'autosklearn.pipeline.components.feature_preprocessing.densifier.Densifier'>), ('extra_trees_preproc_for_classification', <class 'autosklearn.pipeline.components.feature_preprocessing.extra_trees_preproc_for_classification.ExtraTreesPreprocessorClassification'>), ('extra_trees_preproc_for_regression', <class 'autosklearn.pipeline.components.feature_preprocessing.extra_trees_preproc_for_regression.ExtraTreesPreprocessorRegression'>), ('fast_ica', <class 'autosklearn.pipeline.components.feature_preprocessing.fast_ica.FastICA'>), ('feature_agglomeration', <class 'autosklearn.pipeline.components.feature_preprocessing.feature_agglomeration.FeatureAgglomeration'>), ('kernel_pca', <class 'autosklearn.pipeline.components.feature_preprocessing.kernel_pca.KernelPCA'>), ('kitchen_sinks', <class 'autosklearn.pipeline.components.feature_preprocessing.kitchen_sinks.RandomKitchenSinks'>), ('liblinear_svc_preprocessor', <class 'autosklearn.pipeline.components.feature_preprocessing.liblinear_svc_preprocessor.LibLinear_Preprocessor'>), ('no_preprocessing', <class 'autosklearn.pipeline.components.feature_preprocessing.no_preprocessing.NoPreprocessing'>), ('nystroem_sampler', <class 'autosklearn.pipeline.components.feature_preprocessing.nystroem_sampler.Nystroem'>), ('pca', <class 'autosklearn.pipeline.components.feature_preprocessing.pca.PCA'>), ('polynomial', <class 'autosklearn.pipeline.components.feature_preprocessing.polynomial.PolynomialFeatures'>), ('random_trees_embedding', <class 'autosklearn.pipeline.components.feature_preprocessing.random_trees_embedding.RandomTreesEmbedding'>), ('select_percentile_classification', <class 'autosklearn.pipeline.components.feature_preprocessing.select_percentile_classification.SelectPercentileClassification'>), ('select_percentile_regression', <class 'autosklearn.pipeline.components.feature_preprocessing.select_percentile_regression.SelectPercentileRegression'>), ('select_rates_classification', <class 'autosklearn.pipeline.components.feature_preprocessing.select_rates_classification.SelectClassificationRates'>), ('select_rates_regression', <class 'autosklearn.pipeline.components.feature_preprocessing.select_rates_regression.SelectRegressionRates'>), ('truncatedSVD', <class 'autosklearn.pipeline.components.feature_preprocessing.truncatedSVD.TruncatedSVD'>)])
[DEBUG] [2022-01-01 02:32:06,282:Client-AutoML(1):join] OHEChoice: OrderedDict([('encoding', <class 'autosklearn.pipeline.components.data_preprocessing.categorical_encoding.encoding.OrdinalEncoding'>), ('no_encoding', <class 'autosklearn.pipeline.components.data_preprocessing.categorical_encoding.no_encoding.NoEncoding'>), ('one_hot_encoding', <class 'autosklearn.pipeline.components.data_preprocessing.categorical_encoding.one_hot_encoding.OneHotEncoder'>)])
[DEBUG] [2022-01-01 02:32:06,283:Client-AutoML(1):join] RescalingChoice: OrderedDict([('minmax', <class 'autosklearn.pipeline.components.data_preprocessing.rescaling.minmax.MinMaxScalerComponent'>), ('none', <class 'autosklearn.pipeline.components.data_preprocessing.rescaling.none.NoRescalingComponent'>), ('normalize', <class 'autosklearn.pipeline.components.data_preprocessing.rescaling.normalize.NormalizerComponent'>), ('power_transformer', <class 'autosklearn.pipeline.components.data_preprocessing.rescaling.power_transformer.PowerTransformerComponent'>), ('quantile_transformer', <class 'autosklearn.pipeline.components.data_preprocessing.rescaling.quantile_transformer.QuantileTransformerComponent'>), ('robust_scaler', <class 'autosklearn.pipeline.components.data_preprocessing.rescaling.robust_scaler.RobustScalerComponent'>), ('standardize', <class 'autosklearn.pipeline.components.data_preprocessing.rescaling.standardize.StandardScalerComponent'>)])
[DEBUG] [2022-01-01 02:32:06,283:Client-AutoML(1):join] CoalescenseChoice: OrderedDict([('minority_coalescer', <class 'autosklearn.pipeline.components.data_preprocessing.minority_coalescense.minority_coalescer.MinorityCoalescer'>), ('no_coalescense', <class 'autosklearn.pipeline.components.data_preprocessing.minority_coalescense.no_coalescense.NoCoalescence'>)])
[DEBUG] [2022-01-01 02:32:06,283:Client-AutoML(1):join] Done printing available components
[DEBUG] [2022-01-01 02:32:06,295:Client-autosklearn.util.backend] _make_internals_directory: [Errno 17] File exists: './tmp/autosklearn_regression_example_tmp2/.auto-sklearn'
[DEBUG] [2022-01-01 02:32:06,295:Client-autosklearn.util.backend] _make_internals_directory: [Errno 17] File exists: './tmp/autosklearn_regression_example_tmp2/.auto-sklearn/runs'
[DEBUG] [2022-01-01 02:32:06,295:Client-autosklearn.util.backend] _make_internals_directory: [Errno 17] File exists: './tmp/autosklearn_regression_example_tmp2/.auto-sklearn'
[DEBUG] [2022-01-01 02:32:06,295:Client-autosklearn.util.backend] _make_internals_directory: [Errno 17] File exists: './tmp/autosklearn_regression_example_tmp2/.auto-sklearn/runs'
[DEBUG] [2022-01-01 02:32:06,604:Client-autosklearn.util.backend] Created Configuration space file ./tmp/autosklearn_regression_example_tmp2/space.json
[INFO] [2022-01-01 02:32:06,604:Client-AutoML(1):join] Starting to create dummy predictions.
[DEBUG] [2022-01-01 02:32:06,883:Client-autosklearn.util.backend] _make_internals_directory: [Errno 17] File exists: './tmp/autosklearn_regression_example_tmp2/.auto-sklearn'
[DEBUG] [2022-01-01 02:32:06,883:Client-autosklearn.util.backend] _make_internals_directory: [Errno 17] File exists: './tmp/autosklearn_regression_example_tmp2/.auto-sklearn/runs'
[INFO] [2022-01-01 02:32:06,910:Client-AutoML(1):join] Finished creating dummy predictions.
[INFO] [2022-01-01 02:32:06,911:Client-AutoML(1):join] Start Ensemble with 59.34sec time left
[INFO] [2022-01-01 02:32:06,912:Client-AutoML(1):join] Start SMAC with 59.34sec time left
[WARNING] [2022-01-01 02:32:06,912:Client-AutoML(1):join] Capping the per_run_time_limit to 29.0 to have time for a least 2 models in each process.
[INFO] [2022-01-01 02:32:54,420:Client-AutoML(1):join] Starting shutdown...
[INFO] [2022-01-01 02:32:54,421:Client-AutoML(1):join] Ensemble script still running, waiting for it to finish.
[INFO] [2022-01-01 02:32:54,421:Client-AutoML(1):join] Ensemble script finished, continue shutdown.
[INFO] [2022-01-01 02:32:54,424:Client-AutoML(1):join] Loading models...
[INFO] [2022-01-01 02:32:54,425:Client-AutoML(1):join] Finished loading models...
[INFO] [2022-01-01 02:32:54,425:Client-AutoML(1):join] Closing the dask infrastructure
[INFO] [2022-01-01 02:32:54,425:Client-AutoML(1):join] Finished closing the dask infrastructure
[INFO] [2022-01-01 02:32:54,425:Client-AutoML(1):join] Starting to clean up the logger
[WARNING] [2022-01-01 02:33:56,800:Client-Validation] Changing the dtype of the features after fit() is not recommended. Fit() method was called with {'DBN': 'category', 'School Name': 'category', 'Grade': 'float64', 'Year': 'int64', 'Category': 'category', 'Number Tested': 'int64', 'ID': 'int64', 'Building Code': 'category', 'Location Name': 'category', 'Location Code': 'category', 'Address': 'category', 'Borough': 'category', 'Geographical District Code': 'int64', 'Register': 'float64', 'Building Name': 'category', '# Schools': 'int64', 'Schools in Building': 'category', 'Major N': 'category', 'Oth N': 'category', 'NoCrim N': 'category', 'Prop N': 'category', 'Vio N': 'category', 'ENGroupA': 'category', 'RangeA': 'category', 'AvgOfMajor N': 'category', 'AvgOfOth N': 'category', 'AvgOfNoCrim N': 'category', 'AvgOfProp N': 'category', 'AvgOfVio N': 'category', 'New Georeferenced Column': 'category', 'Zip Codes': 'int64', 'Community Districts': 'category', 'Borough Boundaries': 'category', 'City Council Districts': 'category', 'Police Precincts': 'category', 'logID': 'float64', 'sqID': 'int64', 'cbrID': 'float64', 'logGeographical District Code': 'float64', 'sqGeographical District Code': 'int64', 'cbrGeographical District Code': 'float64', 'logRegister': 'float64', 'sqRegister': 'float64', 'cbrRegister': 'float64', 'log# Schools': 'float64', 'sq# Schools': 'int64', 'cbr# Schools': 'float64', 'logZip Codes': 'float64', 'sqZip Codes': 'int64', 'cbrZip Codes': 'float64'} whereas the new features have {'DBN': 'category', 'School Name': 'category', 'Grade': 'float64', 'Year': 'int64', 'Category': 'category', 'Number Tested': 'int64', 'ID': 'int64', 'Building Code': 'category', 'Location Name': 'category', 'Location Code': 'category', 'Address': 'category', 'Borough': 'category', 'Geographical District Code': 'int64', 'Register': 'float64', 'Building Name': 'category', '# Schools': 'int64', 'Schools in Building': 'category', 'Major N': 'category', 'Oth N': 'category', 'NoCrim N': 'category', 'Prop N': 'category', 'Vio N': 'category', 'ENGroupA': 'category', 'RangeA': 'category', 'AvgOfMajor N': 'category', 'AvgOfOth N': 'category', 'AvgOfNoCrim N': 'category', 'AvgOfProp N': 'category', 'AvgOfVio N': 'category', 'New Georeferenced Column': 'category', 'Zip Codes': 'int64', 'Community Districts': 'category', 'Borough Boundaries': 'category', 'City Council Districts': 'category', 'Police Precincts': 'category'} as type
[DEBUG] [2022-01-01 02:34:05,087:Client-autosklearn.util.backend] _make_internals_directory: [Errno 17] File exists: './tmp/autosklearn_regression_example_tmp2/.auto-sklearn'
[DEBUG] [2022-01-01 02:34:05,092:Client-autosklearn.util.backend] _make_internals_directory: [Errno 17] File exists: './tmp/autosklearn_regression_example_tmp2/.auto-sklearn/runs'
[DEBUG] [2022-01-01 02:34:05,125:Client-AutoML(1):join] Starting to print environment information
[DEBUG] [2022-01-01 02:34:05,126:Client-AutoML(1):join]   Python version: ['3.7.10 | packaged by conda-forge | (default, Feb 19 2021, 16:07:37) ', '[GCC 9.3.0]']
[DEBUG] [2022-01-01 02:34:05,128:Client-AutoML(1):join]   Distribution: ('debian', '10.11', '')
[DEBUG] [2022-01-01 02:34:05,128:Client-AutoML(1):join]   System: Linux
[DEBUG] [2022-01-01 02:34:05,129:Client-AutoML(1):join]   Machine: x86_64
[DEBUG] [2022-01-01 02:34:05,130:Client-AutoML(1):join]   Platform: Linux-4.19.0-18-cloud-amd64-x86_64-with-debian-10.11
[DEBUG] [2022-01-01 02:34:05,130:Client-AutoML(1):join]   Version: #1 SMP Debian 4.19.208-1 (2021-09-29)
[DEBUG] [2022-01-01 02:34:05,131:Client-AutoML(1):join]   Mac version: ('', ('', '', ''), '')
[DEBUG] [2022-01-01 02:34:05,135:Client-AutoML(1):join]   setuptools 57.4.0
[DEBUG] [2022-01-01 02:34:05,137:Client-AutoML(1):join]   typing-extensions 3.7.4.3
[DEBUG] [2022-01-01 02:34:05,138:Client-AutoML(1):join]   numpy 1.19.5
[DEBUG] [2022-01-01 02:34:05,140:Client-AutoML(1):join]   scipy 1.7.1
[DEBUG] [2022-01-01 02:34:05,142:Client-AutoML(1):join]   joblib 1.0.1
[DEBUG] [2022-01-01 02:34:05,142:Client-AutoML(1):join]   scikit-learn 0.24.2
[DEBUG] [2022-01-01 02:34:05,144:Client-AutoML(1):join]   dask 2021.6.2
[DEBUG] [2022-01-01 02:34:05,145:Client-AutoML(1):join]   distributed 2021.6.2
[DEBUG] [2022-01-01 02:34:05,145:Client-AutoML(1):join]   PyYAML 5.4.1
[DEBUG] [2022-01-01 02:34:05,146:Client-AutoML(1):join]   pandas 1.3.2
[DEBUG] [2022-01-01 02:34:05,146:Client-AutoML(1):join]   liac-arff 2.5.0
[DEBUG] [2022-01-01 02:34:05,147:Client-AutoML(1):join]   threadpoolctl 2.2.0
[DEBUG] [2022-01-01 02:34:05,148:Client-AutoML(1):join]   ConfigSpace 0.4.20
[DEBUG] [2022-01-01 02:34:05,149:Client-AutoML(1):join]   pynisher 0.6.4
[DEBUG] [2022-01-01 02:34:05,149:Client-AutoML(1):join]   pyrfr 0.8.2
[DEBUG] [2022-01-01 02:34:05,149:Client-AutoML(1):join]   smac 1.1.1
[DEBUG] [2022-01-01 02:34:05,150:Client-AutoML(1):join] Done printing environment information
[DEBUG] [2022-01-01 02:34:05,150:Client-AutoML(1):join] Starting to print arguments to auto-sklearn
[DEBUG] [2022-01-01 02:34:05,150:Client-AutoML(1):join]   tmp_folder: ./tmp/autosklearn_regression_example_tmp2
[DEBUG] [2022-01-01 02:34:05,150:Client-AutoML(1):join]   time_left_for_this_task: 120.000000
[DEBUG] [2022-01-01 02:34:05,150:Client-AutoML(1):join]   per_run_time_limit: 30.000000
[DEBUG] [2022-01-01 02:34:05,150:Client-AutoML(1):join]   initial_configurations_via_metalearning: 25
[DEBUG] [2022-01-01 02:34:05,150:Client-AutoML(1):join]   ensemble_size: 50
[DEBUG] [2022-01-01 02:34:05,150:Client-AutoML(1):join]   ensemble_nbest: 50.000000
[DEBUG] [2022-01-01 02:34:05,150:Client-AutoML(1):join]   max_models_on_disc: 50
[DEBUG] [2022-01-01 02:34:05,150:Client-AutoML(1):join]   seed: 1
[DEBUG] [2022-01-01 02:34:05,150:Client-AutoML(1):join]   memory_limit: 3072
[DEBUG] [2022-01-01 02:34:05,150:Client-AutoML(1):join]   metadata_directory: None
[DEBUG] [2022-01-01 02:34:05,150:Client-AutoML(1):join]   debug_mode: False
[DEBUG] [2022-01-01 02:34:05,150:Client-AutoML(1):join]   include: None
[DEBUG] [2022-01-01 02:34:05,150:Client-AutoML(1):join]   exclude: None
[DEBUG] [2022-01-01 02:34:05,151:Client-AutoML(1):join]   resampling_strategy: holdout
[DEBUG] [2022-01-01 02:34:05,151:Client-AutoML(1):join]   resampling_strategy_arguments: {}
[DEBUG] [2022-01-01 02:34:05,151:Client-AutoML(1):join]   n_jobs: 1
[DEBUG] [2022-01-01 02:34:05,151:Client-AutoML(1):join]   multiprocessing_context: fork
[DEBUG] [2022-01-01 02:34:05,151:Client-AutoML(1):join]   dask_client: SingleThreadedClient()
[DEBUG] [2022-01-01 02:34:05,151:Client-AutoML(1):join]   precision: 32
[DEBUG] [2022-01-01 02:34:05,151:Client-AutoML(1):join]   disable_evaluator_output: False
[DEBUG] [2022-01-01 02:34:05,151:Client-AutoML(1):join]   get_smac_objective_callback: None
[DEBUG] [2022-01-01 02:34:05,151:Client-AutoML(1):join]   smac_scenario_args: None
[DEBUG] [2022-01-01 02:34:05,152:Client-AutoML(1):join]   logging_config: None
[DEBUG] [2022-01-01 02:34:05,152:Client-AutoML(1):join]   metric: r2
[DEBUG] [2022-01-01 02:34:05,152:Client-AutoML(1):join] Done printing arguments to auto-sklearn
[DEBUG] [2022-01-01 02:34:05,152:Client-AutoML(1):join] Starting to print available components
[DEBUG] [2022-01-01 02:34:05,153:Client-AutoML(1):join] ClassifierChoice: OrderedDict([('adaboost', <class 'autosklearn.pipeline.components.classification.adaboost.AdaboostClassifier'>), ('bernoulli_nb', <class 'autosklearn.pipeline.components.classification.bernoulli_nb.BernoulliNB'>), ('decision_tree', <class 'autosklearn.pipeline.components.classification.decision_tree.DecisionTree'>), ('extra_trees', <class 'autosklearn.pipeline.components.classification.extra_trees.ExtraTreesClassifier'>), ('gaussian_nb', <class 'autosklearn.pipeline.components.classification.gaussian_nb.GaussianNB'>), ('gradient_boosting', <class 'autosklearn.pipeline.components.classification.gradient_boosting.GradientBoostingClassifier'>), ('k_nearest_neighbors', <class 'autosklearn.pipeline.components.classification.k_nearest_neighbors.KNearestNeighborsClassifier'>), ('lda', <class 'autosklearn.pipeline.components.classification.lda.LDA'>), ('liblinear_svc', <class 'autosklearn.pipeline.components.classification.liblinear_svc.LibLinear_SVC'>), ('libsvm_svc', <class 'autosklearn.pipeline.components.classification.libsvm_svc.LibSVM_SVC'>), ('mlp', <class 'autosklearn.pipeline.components.classification.mlp.MLPClassifier'>), ('multinomial_nb', <class 'autosklearn.pipeline.components.classification.multinomial_nb.MultinomialNB'>), ('passive_aggressive', <class 'autosklearn.pipeline.components.classification.passive_aggressive.PassiveAggressive'>), ('qda', <class 'autosklearn.pipeline.components.classification.qda.QDA'>), ('random_forest', <class 'autosklearn.pipeline.components.classification.random_forest.RandomForest'>), ('sgd', <class 'autosklearn.pipeline.components.classification.sgd.SGD'>)])
[DEBUG] [2022-01-01 02:34:05,154:Client-AutoML(1):join] RegressorChoice: OrderedDict([('adaboost', <class 'autosklearn.pipeline.components.regression.adaboost.AdaboostRegressor'>), ('ard_regression', <class 'autosklearn.pipeline.components.regression.ard_regression.ARDRegression'>), ('decision_tree', <class 'autosklearn.pipeline.components.regression.decision_tree.DecisionTree'>), ('extra_trees', <class 'autosklearn.pipeline.components.regression.extra_trees.ExtraTreesRegressor'>), ('gaussian_process', <class 'autosklearn.pipeline.components.regression.gaussian_process.GaussianProcess'>), ('gradient_boosting', <class 'autosklearn.pipeline.components.regression.gradient_boosting.GradientBoosting'>), ('k_nearest_neighbors', <class 'autosklearn.pipeline.components.regression.k_nearest_neighbors.KNearestNeighborsRegressor'>), ('liblinear_svr', <class 'autosklearn.pipeline.components.regression.liblinear_svr.LibLinear_SVR'>), ('libsvm_svr', <class 'autosklearn.pipeline.components.regression.libsvm_svr.LibSVM_SVR'>), ('mlp', <class 'autosklearn.pipeline.components.regression.mlp.MLPRegressor'>), ('random_forest', <class 'autosklearn.pipeline.components.regression.random_forest.RandomForest'>), ('sgd', <class 'autosklearn.pipeline.components.regression.sgd.SGD'>)])
[DEBUG] [2022-01-01 02:34:05,155:Client-AutoML(1):join] FeaturePreprocessorChoice: OrderedDict([('densifier', <class 'autosklearn.pipeline.components.feature_preprocessing.densifier.Densifier'>), ('extra_trees_preproc_for_classification', <class 'autosklearn.pipeline.components.feature_preprocessing.extra_trees_preproc_for_classification.ExtraTreesPreprocessorClassification'>), ('extra_trees_preproc_for_regression', <class 'autosklearn.pipeline.components.feature_preprocessing.extra_trees_preproc_for_regression.ExtraTreesPreprocessorRegression'>), ('fast_ica', <class 'autosklearn.pipeline.components.feature_preprocessing.fast_ica.FastICA'>), ('feature_agglomeration', <class 'autosklearn.pipeline.components.feature_preprocessing.feature_agglomeration.FeatureAgglomeration'>), ('kernel_pca', <class 'autosklearn.pipeline.components.feature_preprocessing.kernel_pca.KernelPCA'>), ('kitchen_sinks', <class 'autosklearn.pipeline.components.feature_preprocessing.kitchen_sinks.RandomKitchenSinks'>), ('liblinear_svc_preprocessor', <class 'autosklearn.pipeline.components.feature_preprocessing.liblinear_svc_preprocessor.LibLinear_Preprocessor'>), ('no_preprocessing', <class 'autosklearn.pipeline.components.feature_preprocessing.no_preprocessing.NoPreprocessing'>), ('nystroem_sampler', <class 'autosklearn.pipeline.components.feature_preprocessing.nystroem_sampler.Nystroem'>), ('pca', <class 'autosklearn.pipeline.components.feature_preprocessing.pca.PCA'>), ('polynomial', <class 'autosklearn.pipeline.components.feature_preprocessing.polynomial.PolynomialFeatures'>), ('random_trees_embedding', <class 'autosklearn.pipeline.components.feature_preprocessing.random_trees_embedding.RandomTreesEmbedding'>), ('select_percentile_classification', <class 'autosklearn.pipeline.components.feature_preprocessing.select_percentile_classification.SelectPercentileClassification'>), ('select_percentile_regression', <class 'autosklearn.pipeline.components.feature_preprocessing.select_percentile_regression.SelectPercentileRegression'>), ('select_rates_classification', <class 'autosklearn.pipeline.components.feature_preprocessing.select_rates_classification.SelectClassificationRates'>), ('select_rates_regression', <class 'autosklearn.pipeline.components.feature_preprocessing.select_rates_regression.SelectRegressionRates'>), ('truncatedSVD', <class 'autosklearn.pipeline.components.feature_preprocessing.truncatedSVD.TruncatedSVD'>)])
[DEBUG] [2022-01-01 02:34:05,155:Client-AutoML(1):join] OHEChoice: OrderedDict([('encoding', <class 'autosklearn.pipeline.components.data_preprocessing.categorical_encoding.encoding.OrdinalEncoding'>), ('no_encoding', <class 'autosklearn.pipeline.components.data_preprocessing.categorical_encoding.no_encoding.NoEncoding'>), ('one_hot_encoding', <class 'autosklearn.pipeline.components.data_preprocessing.categorical_encoding.one_hot_encoding.OneHotEncoder'>)])
[DEBUG] [2022-01-01 02:34:05,156:Client-AutoML(1):join] RescalingChoice: OrderedDict([('minmax', <class 'autosklearn.pipeline.components.data_preprocessing.rescaling.minmax.MinMaxScalerComponent'>), ('none', <class 'autosklearn.pipeline.components.data_preprocessing.rescaling.none.NoRescalingComponent'>), ('normalize', <class 'autosklearn.pipeline.components.data_preprocessing.rescaling.normalize.NormalizerComponent'>), ('power_transformer', <class 'autosklearn.pipeline.components.data_preprocessing.rescaling.power_transformer.PowerTransformerComponent'>), ('quantile_transformer', <class 'autosklearn.pipeline.components.data_preprocessing.rescaling.quantile_transformer.QuantileTransformerComponent'>), ('robust_scaler', <class 'autosklearn.pipeline.components.data_preprocessing.rescaling.robust_scaler.RobustScalerComponent'>), ('standardize', <class 'autosklearn.pipeline.components.data_preprocessing.rescaling.standardize.StandardScalerComponent'>)])
[DEBUG] [2022-01-01 02:34:05,157:Client-AutoML(1):join] CoalescenseChoice: OrderedDict([('minority_coalescer', <class 'autosklearn.pipeline.components.data_preprocessing.minority_coalescense.minority_coalescer.MinorityCoalescer'>), ('no_coalescense', <class 'autosklearn.pipeline.components.data_preprocessing.minority_coalescense.no_coalescense.NoCoalescence'>)])
[DEBUG] [2022-01-01 02:34:05,157:Client-AutoML(1):join] Done printing available components
[DEBUG] [2022-01-01 02:34:05,165:Client-autosklearn.util.backend] _make_internals_directory: [Errno 17] File exists: './tmp/autosklearn_regression_example_tmp2/.auto-sklearn'
[DEBUG] [2022-01-01 02:34:05,166:Client-autosklearn.util.backend] _make_internals_directory: [Errno 17] File exists: './tmp/autosklearn_regression_example_tmp2/.auto-sklearn/runs'
[DEBUG] [2022-01-01 02:34:05,166:Client-autosklearn.util.backend] _make_internals_directory: [Errno 17] File exists: './tmp/autosklearn_regression_example_tmp2/.auto-sklearn'
[DEBUG] [2022-01-01 02:34:05,166:Client-autosklearn.util.backend] _make_internals_directory: [Errno 17] File exists: './tmp/autosklearn_regression_example_tmp2/.auto-sklearn/runs'
[DEBUG] [2022-01-01 02:34:05,472:Client-autosklearn.util.backend] Created Configuration space file ./tmp/autosklearn_regression_example_tmp2/space.json
[INFO] [2022-01-01 02:34:05,472:Client-AutoML(1):join] Starting to create dummy predictions.
[DEBUG] [2022-01-01 02:34:05,732:Client-autosklearn.util.backend] _make_internals_directory: [Errno 17] File exists: './tmp/autosklearn_regression_example_tmp2/.auto-sklearn'
[DEBUG] [2022-01-01 02:34:05,733:Client-autosklearn.util.backend] _make_internals_directory: [Errno 17] File exists: './tmp/autosklearn_regression_example_tmp2/.auto-sklearn/runs'
[INFO] [2022-01-01 02:34:05,758:Client-AutoML(1):join] Finished creating dummy predictions.
[INFO] [2022-01-01 02:34:05,759:Client-AutoML(1):join] Start Ensemble with 119.37sec time left
[INFO] [2022-01-01 02:34:05,760:Client-AutoML(1):join] Start SMAC with 119.36sec time left
