[DEBUG] [2022-01-01 02:48:29,004:Client-autosklearn.util.backend] _make_internals_directory: [Errno 17] File exists: './tmp/autosklearn_regression_example_tmp3/.auto-sklearn'
[DEBUG] [2022-01-01 02:48:29,012:Client-autosklearn.util.backend] _make_internals_directory: [Errno 17] File exists: './tmp/autosklearn_regression_example_tmp3/.auto-sklearn/runs'
[DEBUG] [2022-01-01 02:49:59,031:Client-autosklearn.util.backend] _make_internals_directory: [Errno 17] File exists: './tmp/autosklearn_regression_example_tmp4/.auto-sklearn'
[DEBUG] [2022-01-01 02:49:59,036:Client-autosklearn.util.backend] _make_internals_directory: [Errno 17] File exists: './tmp/autosklearn_regression_example_tmp4/.auto-sklearn/runs'
[DEBUG] [2022-01-01 02:49:59,071:Client-AutoML(1):join2] Starting to print environment information
[DEBUG] [2022-01-01 02:49:59,072:Client-AutoML(1):join2]   Python version: ['3.7.10 | packaged by conda-forge | (default, Feb 19 2021, 16:07:37) ', '[GCC 9.3.0]']
[DEBUG] [2022-01-01 02:49:59,075:Client-AutoML(1):join2]   Distribution: ('debian', '10.11', '')
[DEBUG] [2022-01-01 02:49:59,076:Client-AutoML(1):join2]   System: Linux
[DEBUG] [2022-01-01 02:49:59,077:Client-AutoML(1):join2]   Machine: x86_64
[DEBUG] [2022-01-01 02:49:59,077:Client-AutoML(1):join2]   Platform: Linux-4.19.0-18-cloud-amd64-x86_64-with-debian-10.11
[DEBUG] [2022-01-01 02:49:59,077:Client-AutoML(1):join2]   Version: #1 SMP Debian 4.19.208-1 (2021-09-29)
[DEBUG] [2022-01-01 02:49:59,078:Client-AutoML(1):join2]   Mac version: ('', ('', '', ''), '')
[DEBUG] [2022-01-01 02:49:59,085:Client-AutoML(1):join2]   setuptools 57.4.0
[DEBUG] [2022-01-01 02:49:59,090:Client-AutoML(1):join2]   typing-extensions 3.7.4.3
[DEBUG] [2022-01-01 02:49:59,091:Client-AutoML(1):join2]   numpy 1.19.5
[DEBUG] [2022-01-01 02:49:59,094:Client-AutoML(1):join2]   scipy 1.7.1
[DEBUG] [2022-01-01 02:49:59,099:Client-AutoML(1):join2]   joblib 1.0.1
[DEBUG] [2022-01-01 02:49:59,100:Client-AutoML(1):join2]   scikit-learn 0.24.2
[DEBUG] [2022-01-01 02:49:59,102:Client-AutoML(1):join2]   dask 2021.6.2
[DEBUG] [2022-01-01 02:49:59,102:Client-AutoML(1):join2]   distributed 2021.6.2
[DEBUG] [2022-01-01 02:49:59,103:Client-AutoML(1):join2]   PyYAML 5.4.1
[DEBUG] [2022-01-01 02:49:59,104:Client-AutoML(1):join2]   pandas 1.3.2
[DEBUG] [2022-01-01 02:49:59,104:Client-AutoML(1):join2]   liac-arff 2.5.0
[DEBUG] [2022-01-01 02:49:59,105:Client-AutoML(1):join2]   threadpoolctl 2.2.0
[DEBUG] [2022-01-01 02:49:59,106:Client-AutoML(1):join2]   ConfigSpace 0.4.20
[DEBUG] [2022-01-01 02:49:59,106:Client-AutoML(1):join2]   pynisher 0.6.4
[DEBUG] [2022-01-01 02:49:59,107:Client-AutoML(1):join2]   pyrfr 0.8.2
[DEBUG] [2022-01-01 02:49:59,107:Client-AutoML(1):join2]   smac 1.1.1
[DEBUG] [2022-01-01 02:49:59,107:Client-AutoML(1):join2] Done printing environment information
[DEBUG] [2022-01-01 02:49:59,107:Client-AutoML(1):join2] Starting to print arguments to auto-sklearn
[DEBUG] [2022-01-01 02:49:59,107:Client-AutoML(1):join2]   tmp_folder: ./tmp/autosklearn_regression_example_tmp4
[DEBUG] [2022-01-01 02:49:59,107:Client-AutoML(1):join2]   time_left_for_this_task: 60.000000
[DEBUG] [2022-01-01 02:49:59,107:Client-AutoML(1):join2]   per_run_time_limit: 30.000000
[DEBUG] [2022-01-01 02:49:59,107:Client-AutoML(1):join2]   initial_configurations_via_metalearning: 25
[DEBUG] [2022-01-01 02:49:59,107:Client-AutoML(1):join2]   ensemble_size: 50
[DEBUG] [2022-01-01 02:49:59,108:Client-AutoML(1):join2]   ensemble_nbest: 50.000000
[DEBUG] [2022-01-01 02:49:59,108:Client-AutoML(1):join2]   max_models_on_disc: 50
[DEBUG] [2022-01-01 02:49:59,108:Client-AutoML(1):join2]   seed: 1
[DEBUG] [2022-01-01 02:49:59,108:Client-AutoML(1):join2]   memory_limit: 3072
[DEBUG] [2022-01-01 02:49:59,108:Client-AutoML(1):join2]   metadata_directory: None
[DEBUG] [2022-01-01 02:49:59,108:Client-AutoML(1):join2]   debug_mode: False
[DEBUG] [2022-01-01 02:49:59,108:Client-AutoML(1):join2]   include: None
[DEBUG] [2022-01-01 02:49:59,108:Client-AutoML(1):join2]   exclude: None
[DEBUG] [2022-01-01 02:49:59,108:Client-AutoML(1):join2]   resampling_strategy: holdout
[DEBUG] [2022-01-01 02:49:59,108:Client-AutoML(1):join2]   resampling_strategy_arguments: {}
[DEBUG] [2022-01-01 02:49:59,108:Client-AutoML(1):join2]   n_jobs: 1
[DEBUG] [2022-01-01 02:49:59,108:Client-AutoML(1):join2]   multiprocessing_context: fork
[DEBUG] [2022-01-01 02:49:59,108:Client-AutoML(1):join2]   dask_client: SingleThreadedClient()
[DEBUG] [2022-01-01 02:49:59,109:Client-AutoML(1):join2]   precision: 32
[DEBUG] [2022-01-01 02:49:59,109:Client-AutoML(1):join2]   disable_evaluator_output: False
[DEBUG] [2022-01-01 02:49:59,109:Client-AutoML(1):join2]   get_smac_objective_callback: None
[DEBUG] [2022-01-01 02:49:59,109:Client-AutoML(1):join2]   smac_scenario_args: None
[DEBUG] [2022-01-01 02:49:59,109:Client-AutoML(1):join2]   logging_config: None
[DEBUG] [2022-01-01 02:49:59,109:Client-AutoML(1):join2]   metric: r2
[DEBUG] [2022-01-01 02:49:59,109:Client-AutoML(1):join2] Done printing arguments to auto-sklearn
[DEBUG] [2022-01-01 02:49:59,109:Client-AutoML(1):join2] Starting to print available components
[DEBUG] [2022-01-01 02:49:59,110:Client-AutoML(1):join2] ClassifierChoice: OrderedDict([('adaboost', <class 'autosklearn.pipeline.components.classification.adaboost.AdaboostClassifier'>), ('bernoulli_nb', <class 'autosklearn.pipeline.components.classification.bernoulli_nb.BernoulliNB'>), ('decision_tree', <class 'autosklearn.pipeline.components.classification.decision_tree.DecisionTree'>), ('extra_trees', <class 'autosklearn.pipeline.components.classification.extra_trees.ExtraTreesClassifier'>), ('gaussian_nb', <class 'autosklearn.pipeline.components.classification.gaussian_nb.GaussianNB'>), ('gradient_boosting', <class 'autosklearn.pipeline.components.classification.gradient_boosting.GradientBoostingClassifier'>), ('k_nearest_neighbors', <class 'autosklearn.pipeline.components.classification.k_nearest_neighbors.KNearestNeighborsClassifier'>), ('lda', <class 'autosklearn.pipeline.components.classification.lda.LDA'>), ('liblinear_svc', <class 'autosklearn.pipeline.components.classification.liblinear_svc.LibLinear_SVC'>), ('libsvm_svc', <class 'autosklearn.pipeline.components.classification.libsvm_svc.LibSVM_SVC'>), ('mlp', <class 'autosklearn.pipeline.components.classification.mlp.MLPClassifier'>), ('multinomial_nb', <class 'autosklearn.pipeline.components.classification.multinomial_nb.MultinomialNB'>), ('passive_aggressive', <class 'autosklearn.pipeline.components.classification.passive_aggressive.PassiveAggressive'>), ('qda', <class 'autosklearn.pipeline.components.classification.qda.QDA'>), ('random_forest', <class 'autosklearn.pipeline.components.classification.random_forest.RandomForest'>), ('sgd', <class 'autosklearn.pipeline.components.classification.sgd.SGD'>)])
[DEBUG] [2022-01-01 02:49:59,112:Client-AutoML(1):join2] RegressorChoice: OrderedDict([('adaboost', <class 'autosklearn.pipeline.components.regression.adaboost.AdaboostRegressor'>), ('ard_regression', <class 'autosklearn.pipeline.components.regression.ard_regression.ARDRegression'>), ('decision_tree', <class 'autosklearn.pipeline.components.regression.decision_tree.DecisionTree'>), ('extra_trees', <class 'autosklearn.pipeline.components.regression.extra_trees.ExtraTreesRegressor'>), ('gaussian_process', <class 'autosklearn.pipeline.components.regression.gaussian_process.GaussianProcess'>), ('gradient_boosting', <class 'autosklearn.pipeline.components.regression.gradient_boosting.GradientBoosting'>), ('k_nearest_neighbors', <class 'autosklearn.pipeline.components.regression.k_nearest_neighbors.KNearestNeighborsRegressor'>), ('liblinear_svr', <class 'autosklearn.pipeline.components.regression.liblinear_svr.LibLinear_SVR'>), ('libsvm_svr', <class 'autosklearn.pipeline.components.regression.libsvm_svr.LibSVM_SVR'>), ('mlp', <class 'autosklearn.pipeline.components.regression.mlp.MLPRegressor'>), ('random_forest', <class 'autosklearn.pipeline.components.regression.random_forest.RandomForest'>), ('sgd', <class 'autosklearn.pipeline.components.regression.sgd.SGD'>)])
[DEBUG] [2022-01-01 02:49:59,113:Client-AutoML(1):join2] FeaturePreprocessorChoice: OrderedDict([('densifier', <class 'autosklearn.pipeline.components.feature_preprocessing.densifier.Densifier'>), ('extra_trees_preproc_for_classification', <class 'autosklearn.pipeline.components.feature_preprocessing.extra_trees_preproc_for_classification.ExtraTreesPreprocessorClassification'>), ('extra_trees_preproc_for_regression', <class 'autosklearn.pipeline.components.feature_preprocessing.extra_trees_preproc_for_regression.ExtraTreesPreprocessorRegression'>), ('fast_ica', <class 'autosklearn.pipeline.components.feature_preprocessing.fast_ica.FastICA'>), ('feature_agglomeration', <class 'autosklearn.pipeline.components.feature_preprocessing.feature_agglomeration.FeatureAgglomeration'>), ('kernel_pca', <class 'autosklearn.pipeline.components.feature_preprocessing.kernel_pca.KernelPCA'>), ('kitchen_sinks', <class 'autosklearn.pipeline.components.feature_preprocessing.kitchen_sinks.RandomKitchenSinks'>), ('liblinear_svc_preprocessor', <class 'autosklearn.pipeline.components.feature_preprocessing.liblinear_svc_preprocessor.LibLinear_Preprocessor'>), ('no_preprocessing', <class 'autosklearn.pipeline.components.feature_preprocessing.no_preprocessing.NoPreprocessing'>), ('nystroem_sampler', <class 'autosklearn.pipeline.components.feature_preprocessing.nystroem_sampler.Nystroem'>), ('pca', <class 'autosklearn.pipeline.components.feature_preprocessing.pca.PCA'>), ('polynomial', <class 'autosklearn.pipeline.components.feature_preprocessing.polynomial.PolynomialFeatures'>), ('random_trees_embedding', <class 'autosklearn.pipeline.components.feature_preprocessing.random_trees_embedding.RandomTreesEmbedding'>), ('select_percentile_classification', <class 'autosklearn.pipeline.components.feature_preprocessing.select_percentile_classification.SelectPercentileClassification'>), ('select_percentile_regression', <class 'autosklearn.pipeline.components.feature_preprocessing.select_percentile_regression.SelectPercentileRegression'>), ('select_rates_classification', <class 'autosklearn.pipeline.components.feature_preprocessing.select_rates_classification.SelectClassificationRates'>), ('select_rates_regression', <class 'autosklearn.pipeline.components.feature_preprocessing.select_rates_regression.SelectRegressionRates'>), ('truncatedSVD', <class 'autosklearn.pipeline.components.feature_preprocessing.truncatedSVD.TruncatedSVD'>)])
[DEBUG] [2022-01-01 02:49:59,114:Client-AutoML(1):join2] OHEChoice: OrderedDict([('encoding', <class 'autosklearn.pipeline.components.data_preprocessing.categorical_encoding.encoding.OrdinalEncoding'>), ('no_encoding', <class 'autosklearn.pipeline.components.data_preprocessing.categorical_encoding.no_encoding.NoEncoding'>), ('one_hot_encoding', <class 'autosklearn.pipeline.components.data_preprocessing.categorical_encoding.one_hot_encoding.OneHotEncoder'>)])
[DEBUG] [2022-01-01 02:49:59,115:Client-AutoML(1):join2] RescalingChoice: OrderedDict([('minmax', <class 'autosklearn.pipeline.components.data_preprocessing.rescaling.minmax.MinMaxScalerComponent'>), ('none', <class 'autosklearn.pipeline.components.data_preprocessing.rescaling.none.NoRescalingComponent'>), ('normalize', <class 'autosklearn.pipeline.components.data_preprocessing.rescaling.normalize.NormalizerComponent'>), ('power_transformer', <class 'autosklearn.pipeline.components.data_preprocessing.rescaling.power_transformer.PowerTransformerComponent'>), ('quantile_transformer', <class 'autosklearn.pipeline.components.data_preprocessing.rescaling.quantile_transformer.QuantileTransformerComponent'>), ('robust_scaler', <class 'autosklearn.pipeline.components.data_preprocessing.rescaling.robust_scaler.RobustScalerComponent'>), ('standardize', <class 'autosklearn.pipeline.components.data_preprocessing.rescaling.standardize.StandardScalerComponent'>)])
[DEBUG] [2022-01-01 02:49:59,116:Client-AutoML(1):join2] CoalescenseChoice: OrderedDict([('minority_coalescer', <class 'autosklearn.pipeline.components.data_preprocessing.minority_coalescense.minority_coalescer.MinorityCoalescer'>), ('no_coalescense', <class 'autosklearn.pipeline.components.data_preprocessing.minority_coalescense.no_coalescense.NoCoalescence'>)])
[DEBUG] [2022-01-01 02:49:59,116:Client-AutoML(1):join2] Done printing available components
[DEBUG] [2022-01-01 02:49:59,132:Client-autosklearn.util.backend] _make_internals_directory: [Errno 17] File exists: './tmp/autosklearn_regression_example_tmp4/.auto-sklearn'
[DEBUG] [2022-01-01 02:49:59,132:Client-autosklearn.util.backend] _make_internals_directory: [Errno 17] File exists: './tmp/autosklearn_regression_example_tmp4/.auto-sklearn/runs'
[DEBUG] [2022-01-01 02:49:59,132:Client-autosklearn.util.backend] _make_internals_directory: [Errno 17] File exists: './tmp/autosklearn_regression_example_tmp4/.auto-sklearn'
[DEBUG] [2022-01-01 02:49:59,133:Client-autosklearn.util.backend] _make_internals_directory: [Errno 17] File exists: './tmp/autosklearn_regression_example_tmp4/.auto-sklearn/runs'
